Using pre-set license
Pro License: NO

 COMMAND LINE ARGUMENTS:
/Applications/Unity/Hub/Editor/2021.1.12f1/Unity.app/Contents/MacOS/Unity
-adb2
-batchMode
-noUpm
-name
AssetImportWorker0
-projectPath
/Users/luiscarlosgonzalez/Documents/Annwen/Unity Project/New Unity Project
-logFile
Logs/AssetImportWorker0.log
-srvPort
62422
Successfully changed project path to: /Users/luiscarlosgonzalez/Documents/Annwen/Unity Project/New Unity Project
/Users/luiscarlosgonzalez/Documents/Annwen/Unity Project/New Unity Project
Using Asset Import Pipeline V2.
Refreshing native plugins compatible for Editor in 87.83 ms, found 2 plugins.
Preloading 0 native plugins for Editor in 0.00 ms.
Initialize engine version: 2021.1.12f1 (afcadd793de6)
[Subsystems] Discovering subsystems at path /Applications/Unity/Hub/Editor/2021.1.12f1/Unity.app/Contents/Resources/UnitySubsystems
[Subsystems] Discovering subsystems at path /Users/luiscarlosgonzalez/Documents/Annwen/Unity Project/New Unity Project/Assets
GfxDevice: creating device client; threaded=0; jobified=0
2021-06-24 11:13:32.839 Unity[63642:1044929] (null) preferred device: Apple M1 (high power)
2021-06-24 11:13:32.840 Unity[63642:1044929] Metal devices available: 1
2021-06-24 11:13:32.840 Unity[63642:1044929] 0: Apple M1 (high power)
2021-06-24 11:13:32.840 Unity[63642:1044929] Using device Apple M1 (high power)
Initializing Metal device caps: Apple M1
Initialize mono
Mono path[0] = '/Applications/Unity/Hub/Editor/2021.1.12f1/Unity.app/Contents/Managed'
Mono path[1] = '/Applications/Unity/Hub/Editor/2021.1.12f1/Unity.app/Contents/MonoBleedingEdge/lib/mono/unityjit'
Mono config path = '/Applications/Unity/Hub/Editor/2021.1.12f1/Unity.app/Contents/MonoBleedingEdge/etc'
Using monoOptions --debugger-agent=transport=dt_socket,embedding=1,server=y,suspend=n,address=127.0.0.1:56642
Begin MonoManager ReloadAssembly
Registering precompiled unity dll's ...
Register platform support module: /Applications/Unity/Hub/Editor/2021.1.12f1/Unity.app/Contents/PlaybackEngines/MacStandaloneSupport/UnityEditor.OSXStandalone.Extensions.dll
Register platform support module: /Applications/Unity/Hub/Editor/2021.1.12f1/PlaybackEngines/WindowsStandaloneSupport/UnityEditor.WindowsStandalone.Extensions.dll
Registered in 0.002585 seconds.
Native extension for WindowsStandalone target not found
Native extension for OSXStandalone target not found
Refreshing native plugins compatible for Editor in 88.69 ms, found 2 plugins.
Preloading 0 native plugins for Editor in 0.00 ms.
Mono: successfully reloaded assembly
- Completed reload, in  6.065 seconds
Domain Reload Profiling:
	ReloadAssembly (6065ms)
		BeginReloadAssembly (106ms)
			ExecutionOrderSort (0ms)
			DisableScriptedObjects (0ms)
			BackupInstance (0ms)
			ReleaseScriptingObjects (0ms)
			CreateAndSetChildDomain (4ms)
		EndReloadAssembly (1393ms)
			LoadAssemblies (103ms)
			RebuildTransferFunctionScriptingTraits (1ms)
			SetupTypeCache (253ms)
			ReleaseScriptCaches (0ms)
			RebuildScriptCaches (49ms)
			SetupLoadedEditorAssemblies (848ms)
				LogAssemblyErrors (0ms)
				InitializePlatformSupportModulesInManaged (24ms)
				SetLoadedEditorAssemblies (1ms)
				RefreshPlugins (89ms)
				BeforeProcessingInitializeOnLoad (6ms)
				ProcessInitializeOnLoadAttributes (590ms)
				ProcessInitializeOnLoadMethodAttributes (138ms)
				AfterProcessingInitializeOnLoad (0ms)
				EditorAssembliesLoaded (1ms)
			ExecutionOrderSort2 (0ms)
			AwakeInstancesAfterBackupRestoration (0ms)
Platform modules already initialized, skipping
Registering precompiled user dll's ...
Registered in 0.006675 seconds.
Begin MonoManager ReloadAssembly
Native extension for WindowsStandalone target not found
Native extension for OSXStandalone target not found
Refreshing native plugins compatible for Editor in 90.88 ms, found 2 plugins.
Preloading 0 native plugins for Editor in 0.00 ms.
Mono: successfully reloaded assembly
- Completed reload, in  4.488 seconds
Domain Reload Profiling:
	ReloadAssembly (4489ms)
		BeginReloadAssembly (479ms)
			ExecutionOrderSort (0ms)
			DisableScriptedObjects (51ms)
			BackupInstance (0ms)
			ReleaseScriptingObjects (0ms)
			CreateAndSetChildDomain (129ms)
		EndReloadAssembly (3864ms)
			LoadAssemblies (400ms)
			RebuildTransferFunctionScriptingTraits (0ms)
			SetupTypeCache (560ms)
			ReleaseScriptCaches (1ms)
			RebuildScriptCaches (110ms)
			SetupLoadedEditorAssemblies (2405ms)
				LogAssemblyErrors (0ms)
				InitializePlatformSupportModulesInManaged (19ms)
				SetLoadedEditorAssemblies (1ms)
				RefreshPlugins (91ms)
				BeforeProcessingInitializeOnLoad (145ms)
				ProcessInitializeOnLoadAttributes (1849ms)
				ProcessInitializeOnLoadMethodAttributes (297ms)
				AfterProcessingInitializeOnLoad (1ms)
				EditorAssembliesLoaded (3ms)
			ExecutionOrderSort2 (0ms)
			AwakeInstancesAfterBackupRestoration (39ms)
Platform modules already initialized, skipping
========================================================================
Worker process is ready to serve import requests
Launching external process: /Applications/Unity/Hub/Editor/2021.1.12f1/Unity.app/Contents/Tools/UnityShaderCompiler
Launched and connected shader compiler UnityShaderCompiler after 0.12 seconds
Refreshing native plugins compatible for Editor in 0.72 ms, found 2 plugins.
Preloading 0 native plugins for Editor in 0.00 ms.
Unloading 3805 Unused Serialized files (Serialized files now loaded: 0)
System memory in use before: 317.9 MB.
System memory in use after: 318.0 MB.

Unloading 21 unused Assets to reduce memory usage. Loaded Objects now: 4270.
Total: 3.440167 ms (FindLiveObjects: 0.246000 ms CreateObjectMapping: 0.103792 ms MarkObjects: 2.988375 ms  DeleteObjects: 0.099167 ms)

AssetImportParameters requested are different than current active one (requested -> active):
  custom:video-decoder-ogg-theora: a1e56fd34408186e4bbccfd4996cb3dc -> 
  custom:container-muxer-webm: aa71ff27fc2769a1b78a27578f13a17b -> 
  custom:container-demuxer-webm: 4f35f7cbe854078d1ac9338744f61a02 -> 
  custom:container-demuxer-ogg: 62fdf1f143b41e24485cea50d1cbac27 -> 
  custom:video-encoder-webm-vp8: eb34c28f22e8b96e1ab97ce403110664 -> 
  custom:framework-osx-AVFoundation: e770b220cccbd017edd2c1fefb359320 -> 
  custom:video-decoder-webm-vp8: 9c59270c3fd7afecdb556c50c9e8de78 -> 
  custom:audio-decoder-ogg-vorbis: bf7c407c2cedff20999df2af8eb42d56 -> 
  custom:audio-encoder-webm-vorbis: bf7c407c2cedff20999df2af8eb42d56 -> 
========================================================================
Received Import Request.
  path: Assets/Samples/High Definition RP/11.0.0/Material Samples
  artifactKey: Guid(e1bf10c647d8b4336ac6f0f64364a45f) Importer(815301076,1909f56bfc062723c751e8b465ee728b)
Start importing Assets/Samples/High Definition RP/11.0.0/Material Samples using Guid(e1bf10c647d8b4336ac6f0f64364a45f) Importer(815301076,1909f56bfc062723c751e8b465ee728b)  -> (artifact id: '9f8c7efb4d3fbd199fae7b27fedc0105') in 0.964322 seconds 
========================================================================
Received Prepare
Registering precompiled user dll's ...
Registered in 0.003107 seconds.
Begin MonoManager ReloadAssembly
Native extension for WindowsStandalone target not found
Native extension for OSXStandalone target not found
Refreshing native plugins compatible for Editor in 0.82 ms, found 2 plugins.
Preloading 0 native plugins for Editor in 0.00 ms.
Mono: successfully reloaded assembly
- Completed reload, in  4.178 seconds
Domain Reload Profiling:
	ReloadAssembly (4179ms)
		BeginReloadAssembly (615ms)
			ExecutionOrderSort (0ms)
			DisableScriptedObjects (49ms)
			BackupInstance (0ms)
			ReleaseScriptingObjects (0ms)
			CreateAndSetChildDomain (421ms)
		EndReloadAssembly (3449ms)
			LoadAssemblies (259ms)
			RebuildTransferFunctionScriptingTraits (0ms)
			SetupTypeCache (516ms)
			ReleaseScriptCaches (2ms)
			RebuildScriptCaches (89ms)
			SetupLoadedEditorAssemblies (2056ms)
				LogAssemblyErrors (0ms)
				InitializePlatformSupportModulesInManaged (20ms)
				SetLoadedEditorAssemblies (2ms)
				RefreshPlugins (1ms)
				BeforeProcessingInitializeOnLoad (143ms)
				ProcessInitializeOnLoadAttributes (1827ms)
				ProcessInitializeOnLoadMethodAttributes (59ms)
				AfterProcessingInitializeOnLoad (1ms)
				EditorAssembliesLoaded (1ms)
			ExecutionOrderSort2 (0ms)
			AwakeInstancesAfterBackupRestoration (96ms)
Platform modules already initialized, skipping
Refreshing native plugins compatible for Editor in 2.05 ms, found 2 plugins.
Preloading 0 native plugins for Editor in 0.00 ms.
Unloading 3525 Unused Serialized files (Serialized files now loaded: 0)
System memory in use before: 303.4 MB.
System memory in use after: 303.5 MB.

Unloading 17 unused Assets to reduce memory usage. Loaded Objects now: 4273.
Total: 11.948334 ms (FindLiveObjects: 4.791083 ms CreateObjectMapping: 0.312541 ms MarkObjects: 6.660417 ms  DeleteObjects: 0.181625 ms)

AssetImportParameters requested are different than current active one (requested -> active):
  custom:video-decoder-ogg-theora: a1e56fd34408186e4bbccfd4996cb3dc -> 
  custom:container-muxer-webm: aa71ff27fc2769a1b78a27578f13a17b -> 
  custom:container-demuxer-webm: 4f35f7cbe854078d1ac9338744f61a02 -> 
  custom:container-demuxer-ogg: 62fdf1f143b41e24485cea50d1cbac27 -> 
  custom:video-encoder-webm-vp8: eb34c28f22e8b96e1ab97ce403110664 -> 
  custom:framework-osx-AVFoundation: e770b220cccbd017edd2c1fefb359320 -> 
  custom:video-decoder-webm-vp8: 9c59270c3fd7afecdb556c50c9e8de78 -> 
  custom:audio-decoder-ogg-vorbis: bf7c407c2cedff20999df2af8eb42d56 -> 
  custom:audio-encoder-webm-vorbis: bf7c407c2cedff20999df2af8eb42d56 -> 
========================================================================
Received Import Request.
  Time since last request: 497.148851 seconds.
  path: Assets/Art/Textures/DensityVolumeTextures/3d_fractal_noise_sample01.tga
  artifactKey: Guid(836429d92e1b49443b7743362fdeb1fe) Importer(815301076,1909f56bfc062723c751e8b465ee728b)
Start importing Assets/Art/Textures/DensityVolumeTextures/3d_fractal_noise_sample01.tga using Guid(836429d92e1b49443b7743362fdeb1fe) Importer(815301076,1909f56bfc062723c751e8b465ee728b)  -> (artifact id: '264e7e7d5bccd6fcabcfc4789c962a7d') in 1.472319 seconds 
========================================================================
Received Import Request.
  Time since last request: 0.000215 seconds.
  path: Assets/Art/Textures/General/Bamboo_A_BNM.png
  artifactKey: Guid(f6341afdbd8d916429f1fb266c729b58) Importer(815301076,1909f56bfc062723c751e8b465ee728b)
Start importing Assets/Art/Textures/General/Bamboo_A_BNM.png using Guid(f6341afdbd8d916429f1fb266c729b58) Importer(815301076,1909f56bfc062723c751e8b465ee728b)  -> (artifact id: 'f5b3ac23a6c2aff5b6e35b70420ff726') in 0.471892 seconds 
========================================================================
Received Import Request.
  Time since last request: 0.000189 seconds.
  path: Assets/Art/Textures/General/Bamboo_A_MaskMap.png
  artifactKey: Guid(0081f8fb9bc44a0448c0276d234cd68d) Importer(815301076,1909f56bfc062723c751e8b465ee728b)
Start importing Assets/Art/Textures/General/Bamboo_A_MaskMap.png using Guid(0081f8fb9bc44a0448c0276d234cd68d) Importer(815301076,1909f56bfc062723c751e8b465ee728b)  -> (artifact id: '952c17628f9297c158a71feb10f3b6d5') in 0.019876 seconds 
========================================================================
Received Import Request.
  Time since last request: 0.000202 seconds.
  path: Assets/Art/Meshes/Props/Nature/Model/Bamboo_C.fbx
  artifactKey: Guid(d02feacdd25b360458c742d0b723ece0) Importer(815301076,1909f56bfc062723c751e8b465ee728b)
Start importing Assets/Art/Meshes/Props/Nature/Model/Bamboo_C.fbx using Guid(d02feacdd25b360458c742d0b723ece0) Importer(815301076,1909f56bfc062723c751e8b465ee728b) Launching external process: /Applications/Unity/Hub/Editor/2021.1.12f1/Unity.app/Contents/Tools/UnityShaderCompiler
Launched and connected shader compiler UnityShaderCompiler after 0.33 seconds
Launching external process: /Applications/Unity/Hub/Editor/2021.1.12f1/Unity.app/Contents/Tools/UnityShaderCompiler
Launched and connected shader compiler UnityShaderCompiler after 0.03 seconds
Launching external process: /Applications/Unity/Hub/Editor/2021.1.12f1/Unity.app/Contents/Tools/UnityShaderCompiler
Launched and connected shader compiler UnityShaderCompiler after 0.03 seconds
Launching external process: /Applications/Unity/Hub/Editor/2021.1.12f1/Unity.app/Contents/Tools/UnityShaderCompiler
Launched and connected shader compiler UnityShaderCompiler after 0.03 seconds
Launching external process: /Applications/Unity/Hub/Editor/2021.1.12f1/Unity.app/Contents/Tools/UnityShaderCompiler
Launched and connected shader compiler UnityShaderCompiler after 0.03 seconds
Launching external process: /Applications/Unity/Hub/Editor/2021.1.12f1/Unity.app/Contents/Tools/UnityShaderCompiler
Launched and connected shader compiler UnityShaderCompiler after 0.03 seconds
Launching external process: /Applications/Unity/Hub/Editor/2021.1.12f1/Unity.app/Contents/Tools/UnityShaderCompiler
Launched and connected shader compiler UnityShaderCompiler after 0.03 seconds
 -> (artifact id: 'cc56a3a85f752bd6a62964546cb5e05e') in 13.302340 seconds 
========================================================================
Received Import Request.
  Time since last request: 0.001762 seconds.
  path: Assets/Art/Particles/FallingLeaves.vfx
  artifactKey: Guid(bf2740e433dd7c74790d9025218fb541) Importer(815301076,1909f56bfc062723c751e8b465ee728b)
Start importing Assets/Art/Particles/FallingLeaves.vfx using Guid(bf2740e433dd7c74790d9025218fb541) Importer(815301076,1909f56bfc062723c751e8b465ee728b)  -> (artifact id: 'e948315e29c0c82b82b82efb9acd6c68') in 0.812356 seconds 
========================================================================
Received Import Request.
  Time since last request: 0.011340 seconds.
  path: Assets/Art/Meshes/Props/Nature/Model/Bamboo_A.fbx
  artifactKey: Guid(ec20dc31808dcd047a2c16c7bef30b83) Importer(815301076,1909f56bfc062723c751e8b465ee728b)
Start importing Assets/Art/Meshes/Props/Nature/Model/Bamboo_A.fbx using Guid(ec20dc31808dcd047a2c16c7bef30b83) Importer(815301076,1909f56bfc062723c751e8b465ee728b)  -> (artifact id: '820233ad2da3bd090f0fee2c7defd7f8') in 0.651340 seconds 
========================================================================
Received Import Request.
  Time since last request: 0.002402 seconds.
  path: Assets/Art/Textures/VFX/BamBoo_Leaves_Albedo.png
  artifactKey: Guid(8a51867cd75a2a7438c127fd7ae830e3) Importer(815301076,1909f56bfc062723c751e8b465ee728b)
Start importing Assets/Art/Textures/VFX/BamBoo_Leaves_Albedo.png using Guid(8a51867cd75a2a7438c127fd7ae830e3) Importer(815301076,1909f56bfc062723c751e8b465ee728b)  -> (artifact id: '0bcb0ab199fe4b8c39eedb1dd21d0971') in 0.051724 seconds 
========================================================================
Received Import Request.
  Time since last request: 0.001261 seconds.
  path: Assets/Samples/High Definition RP/11.0.0/Material Samples/Materials/Aluminium_Satin.mat
  artifactKey: Guid(4f75b29101db52948b5b1462f75a6b71) Importer(815301076,1909f56bfc062723c751e8b465ee728b)
Start importing Assets/Samples/High Definition RP/11.0.0/Material Samples/Materials/Aluminium_Satin.mat using Guid(4f75b29101db52948b5b1462f75a6b71) Importer(815301076,1909f56bfc062723c751e8b465ee728b)  -> (artifact id: '3fad57619d6c2c749464257d455ed9ce') in 1.765211 seconds 
========================================================================
Received Import Request.
  Time since last request: 0.000925 seconds.
  path: Assets/Art/Meshes/Props/Nature/Prefab/Bamboo_A.prefab
  artifactKey: Guid(2d2095b3f1c3f3244bb95037ec5dd6f6) Importer(815301076,1909f56bfc062723c751e8b465ee728b)
Start importing Assets/Art/Meshes/Props/Nature/Prefab/Bamboo_A.prefab using Guid(2d2095b3f1c3f3244bb95037ec5dd6f6) Importer(815301076,1909f56bfc062723c751e8b465ee728b)  -> (artifact id: 'baf3a046fddcb6a2ab9f89252865ec00') in 0.183789 seconds 
========================================================================
Received Import Request.
  Time since last request: 0.001061 seconds.
  path: Assets/Samples/High Definition RP/11.0.0/Material Samples/Textures/Metal_Brushed_D.tga
  artifactKey: Guid(a68e7d12f0b38c543859d043bc81a7ca) Importer(815301076,1909f56bfc062723c751e8b465ee728b)
Start importing Assets/Samples/High Definition RP/11.0.0/Material Samples/Textures/Metal_Brushed_D.tga using Guid(a68e7d12f0b38c543859d043bc81a7ca) Importer(815301076,1909f56bfc062723c751e8b465ee728b)  -> (artifact id: 'a79559ebea3e94370bf8e3763e5db35f') in 0.041282 seconds 
========================================================================
Received Import Request.
  Time since last request: 0.004640 seconds.
  path: Assets/Samples/High Definition RP/11.0.0/Material Samples/Textures/Metal_foil_D.tga
  artifactKey: Guid(9a3f9bd0b4bf1d6438cf6ccb2eb03440) Importer(815301076,1909f56bfc062723c751e8b465ee728b)
Start importing Assets/Samples/High Definition RP/11.0.0/Material Samples/Textures/Metal_foil_D.tga using Guid(9a3f9bd0b4bf1d6438cf6ccb2eb03440) Importer(815301076,1909f56bfc062723c751e8b465ee728b)  -> (artifact id: 'c0e7c42feec37fe25a71b7d5492a7ded') in 0.038950 seconds 
========================================================================
Received Import Request.
  Time since last request: 0.002734 seconds.
  path: Assets/Art/Materials/General/Aluminium_Mat.mat
  artifactKey: Guid(7e2338eeff7d3b0439250086f961228b) Importer(815301076,1909f56bfc062723c751e8b465ee728b)
Start importing Assets/Art/Materials/General/Aluminium_Mat.mat using Guid(7e2338eeff7d3b0439250086f961228b) Importer(815301076,1909f56bfc062723c751e8b465ee728b)  -> (artifact id: 'dd7cd1a3d4d9323ae26a0f41364156d5') in 1.415131 seconds 
========================================================================
Received Import Request.
  Time since last request: 0.052586 seconds.
  path: Assets/Art/Textures/VFX/BamBoo_Leaves_Normal.png
  artifactKey: Guid(5f32f45b35afc554ca8d0bbae0fb2f0c) Importer(815301076,1909f56bfc062723c751e8b465ee728b)
Start importing Assets/Art/Textures/VFX/BamBoo_Leaves_Normal.png using Guid(5f32f45b35afc554ca8d0bbae0fb2f0c) Importer(815301076,1909f56bfc062723c751e8b465ee728b)  -> (artifact id: '93b22a6dc21472a6d14d7ec8f1293516') in 0.029636 seconds 
========================================================================
Received Import Request.
  Time since last request: 0.004339 seconds.
  path: Assets/Samples/High Definition RP/11.0.0/Material Samples/Textures/Metal_dark_floor_D.tga
  artifactKey: Guid(a19f31ecee053c447ab84f8f87b01f71) Importer(815301076,1909f56bfc062723c751e8b465ee728b)
Start importing Assets/Samples/High Definition RP/11.0.0/Material Samples/Textures/Metal_dark_floor_D.tga using Guid(a19f31ecee053c447ab84f8f87b01f71) Importer(815301076,1909f56bfc062723c751e8b465ee728b)  -> (artifact id: 'c7d6e8831961a4dd0b3a2ad29ce060e1') in 0.026293 seconds 
========================================================================
Received Import Request.
  Time since last request: 0.029887 seconds.
  path: Assets/Art/Materials/General/MetalBlack_Mat.mat
  artifactKey: Guid(c9af0dbe88854d64aa8e276b41a10462) Importer(815301076,1909f56bfc062723c751e8b465ee728b)
Start importing Assets/Art/Materials/General/MetalBlack_Mat.mat using Guid(c9af0dbe88854d64aa8e276b41a10462) Importer(815301076,1909f56bfc062723c751e8b465ee728b)  -> (artifact id: '4c1d8083459f413371a15374ab65ec53') in 1.064266 seconds 
========================================================================
Received Import Request.
  Time since last request: 0.002716 seconds.
  path: Assets/Art/Textures/General/Brass_MAODS.png
  artifactKey: Guid(3008d6bc83d360041817752724fa2f4e) Importer(815301076,1909f56bfc062723c751e8b465ee728b)
Start importing Assets/Art/Textures/General/Brass_MAODS.png using Guid(3008d6bc83d360041817752724fa2f4e) Importer(815301076,1909f56bfc062723c751e8b465ee728b)  -> (artifact id: '70ef5046df6498c4e0ee891262c19d6f') in 0.034456 seconds 
========================================================================
Received Import Request.
  Time since last request: 0.002108 seconds.
  path: Assets/Samples/High Definition RP/11.0.0/Material Samples/Textures/MetalPlate_N.tga
  artifactKey: Guid(41328c44ccd76e649bf625b65348de33) Importer(815301076,1909f56bfc062723c751e8b465ee728b)
Start importing Assets/Samples/High Definition RP/11.0.0/Material Samples/Textures/MetalPlate_N.tga using Guid(41328c44ccd76e649bf625b65348de33) Importer(815301076,1909f56bfc062723c751e8b465ee728b)  -> (artifact id: '5e9a5455efdb9e031af9a62825cdd048') in 0.018046 seconds 
========================================================================
Received Import Request.
  Time since last request: 0.003172 seconds.
  path: Assets/Art/Meshes/Props/Lights/Model/CeilingLamp_Lamp_01.fbx
  artifactKey: Guid(7931acb98e4dbae4fb720b7c34166bec) Importer(815301076,1909f56bfc062723c751e8b465ee728b)
Start importing Assets/Art/Meshes/Props/Lights/Model/CeilingLamp_Lamp_01.fbx using Guid(7931acb98e4dbae4fb720b7c34166bec) Importer(815301076,1909f56bfc062723c751e8b465ee728b)  -> (artifact id: '7354bfd2516bbc7755420721b8105498') in 54.318501 seconds 
========================================================================
Received Import Request.
  Time since last request: 0.102027 seconds.
  path: Assets/Art/Textures/General/Bamboo_A_Albedo.png
  artifactKey: Guid(d0988f211eac8ca4d84dd1290ce650de) Importer(815301076,1909f56bfc062723c751e8b465ee728b)
Start importing Assets/Art/Textures/General/Bamboo_A_Albedo.png using Guid(d0988f211eac8ca4d84dd1290ce650de) Importer(815301076,1909f56bfc062723c751e8b465ee728b)  -> (artifact id: '2edda9c6c06a43affb052ff4933735e9') in 0.355872 seconds 
========================================================================
Received Import Request.
  Time since last request: 0.002200 seconds.
  path: Assets/Art/Meshes/Props/Lights/Prefab/CeilingLamp_01.prefab
  artifactKey: Guid(76336da601705b24888cb14d8af76073) Importer(815301076,1909f56bfc062723c751e8b465ee728b)
Start importing Assets/Art/Meshes/Props/Lights/Prefab/CeilingLamp_01.prefab using Guid(76336da601705b24888cb14d8af76073) Importer(815301076,1909f56bfc062723c751e8b465ee728b)  -> (artifact id: '202cd92aae5f80f0eeffe300eb2853e9') in 0.842522 seconds 
========================================================================
Received Import Request.
  Time since last request: 0.001536 seconds.
  path: Assets/Art/Meshes/Props/Nature/Prefab/Bamboo_C.prefab
  artifactKey: Guid(7cbe92e839b7b6242ae4d3601855397f) Importer(815301076,1909f56bfc062723c751e8b465ee728b)
Start importing Assets/Art/Meshes/Props/Nature/Prefab/Bamboo_C.prefab using Guid(7cbe92e839b7b6242ae4d3601855397f) Importer(815301076,1909f56bfc062723c751e8b465ee728b)  -> (artifact id: '2db119d9182fd1f4cc5825c8b9b37891') in 0.150968 seconds 
========================================================================
Received Import Request.
  Time since last request: 0.000861 seconds.
  path: Assets/Art/Textures/General/Brass_Normal.png
  artifactKey: Guid(859b2995968925148b3bf58b641f49ad) Importer(815301076,1909f56bfc062723c751e8b465ee728b)
Start importing Assets/Art/Textures/General/Brass_Normal.png using Guid(859b2995968925148b3bf58b641f49ad) Importer(815301076,1909f56bfc062723c751e8b465ee728b)  -> (artifact id: '9b260bf125a967a3f486b9aecb951fd9') in 0.031734 seconds 
========================================================================
Received Import Request.
  Time since last request: 0.005596 seconds.
  path: Assets/Art/Meshes/Props/Ball/Prefab/BallSmall_01.prefab
  artifactKey: Guid(cd2b215a20b3dff47abae5d2785aed7c) Importer(815301076,1909f56bfc062723c751e8b465ee728b)
Start importing Assets/Art/Meshes/Props/Ball/Prefab/BallSmall_01.prefab using Guid(cd2b215a20b3dff47abae5d2785aed7c) Importer(815301076,1909f56bfc062723c751e8b465ee728b)  -> (artifact id: 'e3c6ad20e0ae62060cb00083a367e18c') in 0.161006 seconds 
========================================================================
Received Import Request.
  Time since last request: 0.000507 seconds.
  path: Assets/Samples/High Definition RP/11.0.0/Material Samples/Textures/MetalPlate_BC.tga
  artifactKey: Guid(d3fd773fe90ca2c47be89d9b530835c5) Importer(815301076,1909f56bfc062723c751e8b465ee728b)
Start importing Assets/Samples/High Definition RP/11.0.0/Material Samples/Textures/MetalPlate_BC.tga using Guid(d3fd773fe90ca2c47be89d9b530835c5) Importer(815301076,1909f56bfc062723c751e8b465ee728b)  -> (artifact id: 'e4a4b463e6227de77e0a509bfccc15d9') in 0.047739 seconds 
========================================================================
Received Import Request.
  Time since last request: 0.000824 seconds.
  path: Assets/Samples/High Definition RP/11.0.0/Material Samples/Materials/Metal Brushed.mat
  artifactKey: Guid(d3fa990485269f14fa204a640a4ec976) Importer(815301076,1909f56bfc062723c751e8b465ee728b)
Start importing Assets/Samples/High Definition RP/11.0.0/Material Samples/Materials/Metal Brushed.mat using Guid(d3fa990485269f14fa204a640a4ec976) Importer(815301076,1909f56bfc062723c751e8b465ee728b)  -> (artifact id: 'f92b92099cd3ada1b113f261c449be18') in 3.344394 seconds 
========================================================================
Received Import Request.
  Time since last request: 0.011942 seconds.
  path: Assets/Art/Textures/General/MetalBlack_MAODS.png
  artifactKey: Guid(5b9891405fd029f4c9cfec22093ed459) Importer(815301076,1909f56bfc062723c751e8b465ee728b)
Start importing Assets/Art/Textures/General/MetalBlack_MAODS.png using Guid(5b9891405fd029f4c9cfec22093ed459) Importer(815301076,1909f56bfc062723c751e8b465ee728b)  -> (artifact id: 'f177f6f84958251d112ff713a0248f8f') in 0.037460 seconds 
========================================================================
Received Import Request.
  Time since last request: 0.018658 seconds.
  path: Assets/Art/Particles/ButterFlies.vfx
  artifactKey: Guid(3ccc63e203e655541916b8baf4eba847) Importer(815301076,1909f56bfc062723c751e8b465ee728b)
Start importing Assets/Art/Particles/ButterFlies.vfx using Guid(3ccc63e203e655541916b8baf4eba847) Importer(815301076,1909f56bfc062723c751e8b465ee728b)  -> (artifact id: '7d475047142908cf23d45fa11a039e29') in 0.020050 seconds 
========================================================================
Received Import Request.
  Time since last request: 0.003637 seconds.
  path: Assets/Samples/High Definition RP/11.0.0/Material Samples/Materials/Metal.mat
  artifactKey: Guid(87915bbb717577540b99bdbe29ef6b5d) Importer(815301076,1909f56bfc062723c751e8b465ee728b)
Start importing Assets/Samples/High Definition RP/11.0.0/Material Samples/Materials/Metal.mat using Guid(87915bbb717577540b99bdbe29ef6b5d) Importer(815301076,1909f56bfc062723c751e8b465ee728b)  -> (artifact id: 'c81f6ee5fee037ccfb348b1355071a11') in 0.191376 seconds 
========================================================================
Received Import Request.
  Time since last request: 0.000291 seconds.
  path: Assets/Samples/High Definition RP/11.0.0/Material Samples/Textures/MetalPlate_M.tga
  artifactKey: Guid(bd7be1d41be51e84a93609e418093702) Importer(815301076,1909f56bfc062723c751e8b465ee728b)
Start importing Assets/Samples/High Definition RP/11.0.0/Material Samples/Textures/MetalPlate_M.tga using Guid(bd7be1d41be51e84a93609e418093702) Importer(815301076,1909f56bfc062723c751e8b465ee728b)  -> (artifact id: 'dbb4a5ba6b8567c683fe9c0a59428de4') in 0.044425 seconds 
========================================================================
Received Import Request.
  Time since last request: 0.000333 seconds.
  path: Assets/Art/Materials/General/Bamboo_Leaf_A.mat
  artifactKey: Guid(1ee01111bb691c348a61b9a5b38c8897) Importer(815301076,1909f56bfc062723c751e8b465ee728b)
Start importing Assets/Art/Materials/General/Bamboo_Leaf_A.mat using Guid(1ee01111bb691c348a61b9a5b38c8897) Importer(815301076,1909f56bfc062723c751e8b465ee728b)  -> (artifact id: '901080884bdba1de72742c9836934abe') in 0.099004 seconds 
========================================================================
Received Import Request.
  Time since last request: 0.000229 seconds.
  path: Assets/Samples/High Definition RP/11.0.0/Material Samples/Textures/Bricks_M.tga
  artifactKey: Guid(216bcdfc485d05f4dae98dd41bfcc22f) Importer(815301076,1909f56bfc062723c751e8b465ee728b)
Start importing Assets/Samples/High Definition RP/11.0.0/Material Samples/Textures/Bricks_M.tga using Guid(216bcdfc485d05f4dae98dd41bfcc22f) Importer(815301076,1909f56bfc062723c751e8b465ee728b)  -> (artifact id: '386afc1b2be74b760825f894eca9ea03') in 0.052012 seconds 
========================================================================
Received Import Request.
  Time since last request: 0.000229 seconds.
  path: Assets/Art/Textures/General/MetalBlack_Normal.png
  artifactKey: Guid(50e506fbbc39c2d4f9aa6da614c479b2) Importer(815301076,1909f56bfc062723c751e8b465ee728b)
Start importing Assets/Art/Textures/General/MetalBlack_Normal.png using Guid(50e506fbbc39c2d4f9aa6da614c479b2) Importer(815301076,1909f56bfc062723c751e8b465ee728b)  -> (artifact id: '9073bfc3e4fa611bde5221e1e1e2f9cd') in 0.029466 seconds 
========================================================================
Received Import Request.
  Time since last request: 0.000241 seconds.
  path: Assets/Art/Meshes/Props/Furniture/Models/GlassCase_01.fbx
  artifactKey: Guid(5ee624ffeecf1324aba047bca3298fe7) Importer(815301076,1909f56bfc062723c751e8b465ee728b)
Start importing Assets/Art/Meshes/Props/Furniture/Models/GlassCase_01.fbx using Guid(5ee624ffeecf1324aba047bca3298fe7) Importer(815301076,1909f56bfc062723c751e8b465ee728b)  -> (artifact id: 'e72df1a4bd67fdd6c61b4fa746ae9e9c') in 1.056591 seconds 
========================================================================
Received Import Request.
  Time since last request: 0.000660 seconds.
  path: Assets/Art/Textures/General/MetalBlack_Albedo.png
  artifactKey: Guid(de91ca4c8b4608349819a40acac819e6) Importer(815301076,1909f56bfc062723c751e8b465ee728b)
Start importing Assets/Art/Textures/General/MetalBlack_Albedo.png using Guid(de91ca4c8b4608349819a40acac819e6) Importer(815301076,1909f56bfc062723c751e8b465ee728b)  -> (artifact id: '4638efeeb682b187b377961adbf711a9') in 0.008661 seconds 
========================================================================
Received Import Request.
  Time since last request: 0.000612 seconds.
  path: Assets/Art/Textures/General/SandblastMetal_Normal.png
  artifactKey: Guid(f72f5d97ed737e64fb0b173d21dd227a) Importer(815301076,1909f56bfc062723c751e8b465ee728b)
Start importing Assets/Art/Textures/General/SandblastMetal_Normal.png using Guid(f72f5d97ed737e64fb0b173d21dd227a) Importer(815301076,1909f56bfc062723c751e8b465ee728b)  -> (artifact id: '9e7d0a9d473a56d4dceda62276a4d458') in 0.009460 seconds 
========================================================================
Received Import Request.
  Time since last request: 0.000321 seconds.
  path: Assets/Art/Meshes/Props/Nature/Prefab/Bamboo_D.prefab
  artifactKey: Guid(617b9f0a15eda6b45877b951f35240ab) Importer(815301076,1909f56bfc062723c751e8b465ee728b)
Start importing Assets/Art/Meshes/Props/Nature/Prefab/Bamboo_D.prefab using Guid(617b9f0a15eda6b45877b951f35240ab) Importer(815301076,1909f56bfc062723c751e8b465ee728b)  -> (artifact id: 'b61ea6665e97376cbe594030d19ce97e') in 0.074547 seconds 
========================================================================
Received Import Request.
  Time since last request: 0.000353 seconds.
  path: Assets/Art/Meshes/Props/Lights/Prefab/CeilingLamp_Lamp_01.prefab
  artifactKey: Guid(cf82a8e1669110c419edd18ee94bbbce) Importer(815301076,1909f56bfc062723c751e8b465ee728b)
Start importing Assets/Art/Meshes/Props/Lights/Prefab/CeilingLamp_Lamp_01.prefab using Guid(cf82a8e1669110c419edd18ee94bbbce) Importer(815301076,1909f56bfc062723c751e8b465ee728b)  -> (artifact id: 'd31494f8809cfe4830827104b8a1d416') in 0.082342 seconds 
========================================================================
Received Import Request.
  Time since last request: 0.000228 seconds.
  path: Assets/Samples/High Definition RP/11.0.0/Material Samples/Materials/Metal Foil.mat
  artifactKey: Guid(ae80b31cb5bb2a14e8fce80a3d00a0d6) Importer(815301076,1909f56bfc062723c751e8b465ee728b)
Start importing Assets/Samples/High Definition RP/11.0.0/Material Samples/Materials/Metal Foil.mat using Guid(ae80b31cb5bb2a14e8fce80a3d00a0d6) Importer(815301076,1909f56bfc062723c751e8b465ee728b)  -> (artifact id: '7cbfdf1bdfbeb2d02c33b3c0787624fa') in 1.296855 seconds 
========================================================================
Received Import Request.
  Time since last request: 0.003031 seconds.
  path: Assets/Art/Materials/General/Bamboo_A.mat
  artifactKey: Guid(fff7b0d103b7de54f810338cd8c6d44a) Importer(815301076,1909f56bfc062723c751e8b465ee728b)
Start importing Assets/Art/Materials/General/Bamboo_A.mat using Guid(fff7b0d103b7de54f810338cd8c6d44a) Importer(815301076,1909f56bfc062723c751e8b465ee728b)  -> (artifact id: '68cd05481adb0162798bb6ef4646054e') in 0.837625 seconds 
========================================================================
Received Import Request.
  Time since last request: 0.000207 seconds.
  path: Assets/Art/Meshes/Props/Nature/Model/Bamboo_B.fbx
  artifactKey: Guid(7bd790bef3ce34c4e9fd850d53deed02) Importer(815301076,1909f56bfc062723c751e8b465ee728b)
Start importing Assets/Art/Meshes/Props/Nature/Model/Bamboo_B.fbx using Guid(7bd790bef3ce34c4e9fd850d53deed02) Importer(815301076,1909f56bfc062723c751e8b465ee728b)  -> (artifact id: 'ae52b45a9f97be550a29e68f388e5a3f') in 0.242112 seconds 
========================================================================
Received Import Request.
  Time since last request: 0.001192 seconds.
  path: Assets/Settings/DiffusionProfiles/BambooLeaves.asset
  artifactKey: Guid(5a9a2dc462c7bde4f86d0615a19c2c72) Importer(815301076,1909f56bfc062723c751e8b465ee728b)
Start importing Assets/Settings/DiffusionProfiles/BambooLeaves.asset using Guid(5a9a2dc462c7bde4f86d0615a19c2c72) Importer(815301076,1909f56bfc062723c751e8b465ee728b)  -> (artifact id: '6ca5917feda2b6793d2cc6052c0d60c3') in 1.681220 seconds 
========================================================================
Received Import Request.
  Time since last request: 0.000318 seconds.
  path: Assets/Art/Meshes/Props/Nature/Model/Bamboo_D.fbx
  artifactKey: Guid(692379ddfbf364b42a862275c05ccc44) Importer(815301076,1909f56bfc062723c751e8b465ee728b)
Start importing Assets/Art/Meshes/Props/Nature/Model/Bamboo_D.fbx using Guid(692379ddfbf364b42a862275c05ccc44) Importer(815301076,1909f56bfc062723c751e8b465ee728b)  -> (artifact id: '8e50b4345c0b4cc3b27bda927984d16b') in 0.627922 seconds 
========================================================================
Received Import Request.
  Time since last request: 0.000762 seconds.
  path: Assets/Art/Textures/General/Bush_01_Normal.png
  artifactKey: Guid(f9d8b252b0a372e409bd532d908b970d) Importer(815301076,1909f56bfc062723c751e8b465ee728b)
Start importing Assets/Art/Textures/General/Bush_01_Normal.png using Guid(f9d8b252b0a372e409bd532d908b970d) Importer(815301076,1909f56bfc062723c751e8b465ee728b)  -> (artifact id: 'cc18991a5e0c7a7ff6b8f93997614f19') in 0.257471 seconds 
========================================================================
Received Import Request.
  Time since last request: 0.003945 seconds.
  path: Assets/Art/Materials/General/Collision_Mat.mat
  artifactKey: Guid(a7f9b9f3a7ec88a42bcdef7463ccbffe) Importer(815301076,1909f56bfc062723c751e8b465ee728b)
Start importing Assets/Art/Materials/General/Collision_Mat.mat using Guid(a7f9b9f3a7ec88a42bcdef7463ccbffe) Importer(815301076,1909f56bfc062723c751e8b465ee728b)  -> (artifact id: '27b520be57e7d23330e8842cfec953a0') in 0.596321 seconds 
========================================================================
Received Import Request.
  Time since last request: 0.000368 seconds.
  path: Assets/Art/Particles/FloatingDust.vfx
  artifactKey: Guid(49807342fca141243b63eda5ee636c9d) Importer(815301076,1909f56bfc062723c751e8b465ee728b)
Start importing Assets/Art/Particles/FloatingDust.vfx using Guid(49807342fca141243b63eda5ee636c9d) Importer(815301076,1909f56bfc062723c751e8b465ee728b)  -> (artifact id: 'd24d3268d84e672330dbecfda14bc66c') in 0.217793 seconds 
========================================================================
Received Import Request.
  Time since last request: 0.000226 seconds.
  path: Assets/Samples/High Definition RP/11.0.0/Material Samples/Materials/Metal Anisotropy Circles.mat
  artifactKey: Guid(8410c9103b5956b4db3092b6c614417d) Importer(815301076,1909f56bfc062723c751e8b465ee728b)
Start importing Assets/Samples/High Definition RP/11.0.0/Material Samples/Materials/Metal Anisotropy Circles.mat using Guid(8410c9103b5956b4db3092b6c614417d) Importer(815301076,1909f56bfc062723c751e8b465ee728b)  -> (artifact id: '8c801cf296bb7781a5e385cef2a0209c') in 1.144453 seconds 
========================================================================
Received Import Request.
  Time since last request: 0.000218 seconds.
  path: Assets/Art/Textures/General/Bamboo_A_Normal.png
  artifactKey: Guid(c92c870449b56f94f9a1fc7573e5f791) Importer(815301076,1909f56bfc062723c751e8b465ee728b)
Start importing Assets/Art/Textures/General/Bamboo_A_Normal.png using Guid(c92c870449b56f94f9a1fc7573e5f791) Importer(815301076,1909f56bfc062723c751e8b465ee728b)  -> (artifact id: '40701036f3bd03410dad883e560d2553') in 0.015125 seconds 
========================================================================
Received Import Request.
  Time since last request: 0.000725 seconds.
  path: Assets/Art/Materials/General/Brass_Mat.mat
  artifactKey: Guid(51715d426647c0a469aa54fd0d386aa6) Importer(815301076,1909f56bfc062723c751e8b465ee728b)
Start importing Assets/Art/Materials/General/Brass_Mat.mat using Guid(51715d426647c0a469aa54fd0d386aa6) Importer(815301076,1909f56bfc062723c751e8b465ee728b)  -> (artifact id: 'cc40b748db2515860523b844eb112e30') in 0.022809 seconds 
========================================================================
Received Import Request.
  Time since last request: 0.000200 seconds.
  path: Assets/Art/Textures/General/Bamboo_A_Height.png
  artifactKey: Guid(653861b580438e1429c55953041fab8a) Importer(815301076,1909f56bfc062723c751e8b465ee728b)
Start importing Assets/Art/Textures/General/Bamboo_A_Height.png using Guid(653861b580438e1429c55953041fab8a) Importer(815301076,1909f56bfc062723c751e8b465ee728b)  -> (artifact id: 'dfdfbd141f629d09b421f85bdc432132') in 0.018058 seconds 
========================================================================
Received Import Request.
  Time since last request: 0.004931 seconds.
  path: Assets/Art/Meshes/Props/Nature/Prefab/Bamboo_B.prefab
  artifactKey: Guid(fb805a505a23fba478f8ba7a8ec1827d) Importer(815301076,1909f56bfc062723c751e8b465ee728b)
Start importing Assets/Art/Meshes/Props/Nature/Prefab/Bamboo_B.prefab using Guid(fb805a505a23fba478f8ba7a8ec1827d) Importer(815301076,1909f56bfc062723c751e8b465ee728b)  -> (artifact id: 'ab133b2f1364879940016081330f34b0') in 0.072286 seconds 
========================================================================
Received Import Request.
  Time since last request: 0.000552 seconds.
  path: Assets/Art/Textures/VFX/BamBoo_Leaves_MaskMap.png
  artifactKey: Guid(e887296ef8b8ac942a2d4c372eadca2e) Importer(815301076,1909f56bfc062723c751e8b465ee728b)
Start importing Assets/Art/Textures/VFX/BamBoo_Leaves_MaskMap.png using Guid(e887296ef8b8ac942a2d4c372eadca2e) Importer(815301076,1909f56bfc062723c751e8b465ee728b)  -> (artifact id: '7369e2ef8594177fffeb2b0100498c4a') in 0.032396 seconds 
========================================================================
Received Import Request.
  Time since last request: 0.000340 seconds.
  path: Assets/Art/Materials/General/SandblastMetal_Mat.mat
  artifactKey: Guid(2d17ebb7fe958ff4898d2c0cd1dddce9) Importer(815301076,1909f56bfc062723c751e8b465ee728b)
Start importing Assets/Art/Materials/General/SandblastMetal_Mat.mat using Guid(2d17ebb7fe958ff4898d2c0cd1dddce9) Importer(815301076,1909f56bfc062723c751e8b465ee728b)  -> (artifact id: '69c809cf7d043ba04252578faf2fbbf4') in 0.015623 seconds 
========================================================================
Received Import Request.
  Time since last request: 0.000261 seconds.
  path: Assets/Settings/Volumes/CinematicPhysicalCamera.asset
  artifactKey: Guid(59a34a3881431c246b3564a0f0ca5bb0) Importer(815301076,1909f56bfc062723c751e8b465ee728b)
Start importing Assets/Settings/Volumes/CinematicPhysicalCamera.asset using Guid(59a34a3881431c246b3564a0f0ca5bb0) Importer(815301076,1909f56bfc062723c751e8b465ee728b)  -> (artifact id: '3a27e5cfba22e60b93ce5bbbd01b6ce4') in 0.022810 seconds 
========================================================================
Received Import Request.
  Time since last request: 0.000190 seconds.
  path: Assets/Art/Materials/General/Bush_01_Mat.mat
  artifactKey: Guid(c8ff19ec299458747b23b805b74ed9a1) Importer(815301076,1909f56bfc062723c751e8b465ee728b)
Start importing Assets/Art/Materials/General/Bush_01_Mat.mat using Guid(c8ff19ec299458747b23b805b74ed9a1) Importer(815301076,1909f56bfc062723c751e8b465ee728b)  -> (artifact id: 'c5ebb238a5fef10c4c0d9ec7da3cacfe') in 0.482116 seconds 
========================================================================
Received Import Request.
  Time since last request: 0.000193 seconds.
  path: Assets/Samples/High Definition RP/11.0.0/Material Samples/Materials/Anodized Metal.mat
  artifactKey: Guid(29f254e62304da64895f0cd4d248e1a0) Importer(815301076,1909f56bfc062723c751e8b465ee728b)
Start importing Assets/Samples/High Definition RP/11.0.0/Material Samples/Materials/Anodized Metal.mat using Guid(29f254e62304da64895f0cd4d248e1a0) Importer(815301076,1909f56bfc062723c751e8b465ee728b)  -> (artifact id: 'a43cdf94da8b84d1d6753c820fbc2312') in 0.803220 seconds 
========================================================================
Received Import Request.
  Time since last request: 0.000294 seconds.
  path: Assets/Samples/High Definition RP/11.0.0/Material Samples/Textures/AluminumSatin_D.tga
  artifactKey: Guid(952e6f6406c582743830b9356fea4cb0) Importer(815301076,1909f56bfc062723c751e8b465ee728b)
Start importing Assets/Samples/High Definition RP/11.0.0/Material Samples/Textures/AluminumSatin_D.tga using Guid(952e6f6406c582743830b9356fea4cb0) Importer(815301076,1909f56bfc062723c751e8b465ee728b)  -> (artifact id: '8266e1989992ddf98cf3c518a6fa8fd3') in 0.031805 seconds 
========================================================================
Received Import Request.
  Time since last request: 0.000248 seconds.
  path: Assets/Art/Textures/General/Bamboo_A_Thickness.png
  artifactKey: Guid(f6e15ec362c60e74cb03d3353528f79c) Importer(815301076,1909f56bfc062723c751e8b465ee728b)
Start importing Assets/Art/Textures/General/Bamboo_A_Thickness.png using Guid(f6e15ec362c60e74cb03d3353528f79c) Importer(815301076,1909f56bfc062723c751e8b465ee728b)  -> (artifact id: '4b3ac52fcc342a4404f656b5e3dbc801') in 0.025863 seconds 
========================================================================
Received Import Request.
  Time since last request: 0.001112 seconds.
  path: Assets/Art/Textures/General/Bush_01_MAODS.png
  artifactKey: Guid(5618ce3251344d743a4f94e92a46e6b5) Importer(815301076,1909f56bfc062723c751e8b465ee728b)
Start importing Assets/Art/Textures/General/Bush_01_MAODS.png using Guid(5618ce3251344d743a4f94e92a46e6b5) Importer(815301076,1909f56bfc062723c751e8b465ee728b)  -> (artifact id: '3893b281d0e2e04b25076041cad1a29c') in 0.014428 seconds 
========================================================================
Received Import Request.
  Time since last request: 0.000197 seconds.
  path: Assets/Animations/CinematicsTimeline.playable
  artifactKey: Guid(5a54d61bc58f43341aa47f398b54ed14) Importer(815301076,1909f56bfc062723c751e8b465ee728b)
Start importing Assets/Animations/CinematicsTimeline.playable using Guid(5a54d61bc58f43341aa47f398b54ed14) Importer(815301076,1909f56bfc062723c751e8b465ee728b)  -> (artifact id: '25fb2a4f1b0e2ee9ff0d1ba25234a95f') in 0.678683 seconds 
========================================================================
Received Import Request.
  Time since last request: 0.000230 seconds.
  path: Assets/Samples/High Definition RP/11.0.0/Material Samples/Textures/CarbonFiber_M.tga
  artifactKey: Guid(2be2734858523b047ab141afa77287c8) Importer(815301076,1909f56bfc062723c751e8b465ee728b)
Start importing Assets/Samples/High Definition RP/11.0.0/Material Samples/Textures/CarbonFiber_M.tga using Guid(2be2734858523b047ab141afa77287c8) Importer(815301076,1909f56bfc062723c751e8b465ee728b)  -> (artifact id: '24483f7537052ec6655af4b70bc925d9') in 0.028963 seconds 
